Using pre-set license
Built from '2020.3/staging' branch; Version is '2020.3.0f1 (c7b5465681fb) revision 13088070'; Using compiler version '192528614'; Build Type 'Release'
OS: 'Windows 10 Pro; OS build 19042.867; Version 2009; 64bit' Language: 'ru' Physical Memory: 10177 MB
BatchMode: 1, IsHumanControllingUs: 0, StartBugReporterOnCrash: 0, Is64bit: 1, IsPro: 0

 COMMAND LINE ARGUMENTS:
C:\Program Files\Unity\Hub\Editor\2020.3.0f1\Editor\Unity.exe
-adb2
-batchMode
-noUpm
-name
AssetImportWorker0
-projectPath
E:/Projects/Virterix/Tools/AdMediationSystem/AdMediationSystem
-logFile
Logs/AssetImportWorker0.log
-srvPort
28998
Successfully changed project path to: E:/Projects/Virterix/Tools/AdMediationSystem/AdMediationSystem
E:/Projects/Virterix/Tools/AdMediationSystem/AdMediationSystem
Using Asset Import Pipeline V2.
Refreshing native plugins compatible for Editor in 60.04 ms, found 0 plugins.
Preloading 0 native plugins for Editor in 0.00 ms.
Initialize engine version: 2020.3.0f1 (c7b5465681fb)
[Subsystems] Discovering subsystems at path C:/Program Files/Unity/Hub/Editor/2020.3.0f1/Editor/Data/Resources/UnitySubsystems
[Subsystems] Discovering subsystems at path E:/Projects/Virterix/Tools/AdMediationSystem/AdMediationSystem/Assets
GfxDevice: creating device client; threaded=0
Direct3D:
    Version:  Direct3D 11.0 [level 11.1]
    Renderer: NVIDIA GeForce GTX 1660 SUPER (ID=0x21c4)
    Vendor:   
    VRAM:     5991 MB
    Driver:   27.21.14.6109
Initialize mono
Mono path[0] = 'C:/Program Files/Unity/Hub/Editor/2020.3.0f1/Editor/Data/Managed'
Mono path[1] = 'C:/Program Files/Unity/Hub/Editor/2020.3.0f1/Editor/Data/MonoBleedingEdge/lib/mono/unityjit'
Mono config path = 'C:/Program Files/Unity/Hub/Editor/2020.3.0f1/Editor/Data/MonoBleedingEdge/etc'
Using monoOptions --debugger-agent=transport=dt_socket,embedding=1,server=y,suspend=n,address=127.0.0.1:56424
Begin MonoManager ReloadAssembly
Registering precompiled unity dll's ...
Register platform support module: C:/Program Files/Unity/Hub/Editor/2020.3.0f1/Editor/Data/PlaybackEngines/WindowsStandaloneSupport/UnityEditor.WindowsStandalone.Extensions.dll
Registered in 0.001988 seconds.
Native extension for WindowsStandalone target not found
Refreshing native plugins compatible for Editor in 43.81 ms, found 0 plugins.
Preloading 0 native plugins for Editor in 0.00 ms.
Invoked RoslynAnalysisRunner static constructor.
RoslynAnalysisRunner will not be running.
RoslynAnalysisRunner has terminated.
Mono: successfully reloaded assembly
- Completed reload, in  1.849 seconds
Platform modules already initialized, skipping
Registering precompiled user dll's ...
Registered in 0.003813 seconds.
Begin MonoManager ReloadAssembly
Native extension for WindowsStandalone target not found
Refreshing native plugins compatible for Editor in 0.95 ms, found 0 plugins.
Preloading 0 native plugins for Editor in 0.00 ms.
GPGSUpgrader start
UnityEngine.StackTraceUtility:ExtractStackTrace ()
UnityEngine.DebugLogHandler:LogFormat (UnityEngine.LogType,UnityEngine.Object,string,object[])
UnityEngine.Logger:Log (UnityEngine.LogType,object)
UnityEngine.Debug:Log (object)
GooglePlayGames.Editor.GPGSUpgrader:.cctor () (at Assets/GooglePlayGames/Editor/GPGSUpgrader.cs:38)
System.Runtime.CompilerServices.RuntimeHelpers:RunClassConstructor (System.RuntimeTypeHandle)
UnityEditor.EditorAssemblies:ProcessInitializeOnLoadAttributes (System.Type[])

(Filename: Assets/GooglePlayGames/Editor/GPGSUpgrader.cs Line: 38)

GPGSUpgrader done
UnityEngine.StackTraceUtility:ExtractStackTrace ()
UnityEngine.DebugLogHandler:LogFormat (UnityEngine.LogType,UnityEngine.Object,string,object[])
UnityEngine.Logger:Log (UnityEngine.LogType,object)
UnityEngine.Debug:Log (object)
GooglePlayGames.Editor.GPGSUpgrader:.cctor () (at Assets/GooglePlayGames/Editor/GPGSUpgrader.cs:105)
System.Runtime.CompilerServices.RuntimeHelpers:RunClassConstructor (System.RuntimeTypeHandle)
UnityEditor.EditorAssemblies:ProcessInitializeOnLoadAttributes (System.Type[])

(Filename: Assets/GooglePlayGames/Editor/GPGSUpgrader.cs Line: 105)

Invoked RoslynAnalysisRunner static constructor.
RoslynAnalysisRunner will not be running.
RoslynAnalysisRunner has terminated.
Mono: successfully reloaded assembly
- Completed reload, in  1.013 seconds
Platform modules already initialized, skipping
========================================================================
Worker process is ready to serve import requests
Launched and connected shader compiler UnityShaderCompiler.exe after 0.05 seconds
Refreshing native plugins compatible for Editor in 0.92 ms, found 0 plugins.
Preloading 0 native plugins for Editor in 0.00 ms.
Unloading 1975 Unused Serialized files (Serialized files now loaded: 0)
System memory in use before: 82.0 MB.
System memory in use after: 82.1 MB.

Unloading 129 unused Assets to reduce memory usage. Loaded Objects now: 2320.
Total: 4.660000 ms (FindLiveObjects: 0.195900 ms CreateObjectMapping: 0.086800 ms MarkObjects: 4.246000 ms  DeleteObjects: 0.130400 ms)

========================================================================
Received Import Request.
  path: Assets/AdMediationSystem/Editor/Resources
  artifactKey: Guid(5221bc6c0cc27bc429a94fdb7cbf195e) Importer(815301076,1909f56bfc062723c751e8b465ee728b)
Start importing Assets/AdMediationSystem/Editor/Resources using Guid(5221bc6c0cc27bc429a94fdb7cbf195e) Importer(815301076,1909f56bfc062723c751e8b465ee728b)  -> (artifact id: 'ab57cbafd9e7c2baea6f5126a69bd6d2') in 0.004845 seconds
  Import took 0.007932 seconds .

========================================================================
Received Import Request.
  Time since last request: 0.000198 seconds.
  path: Assets/AdMediationSystem/Editor/Scripts/Networks/UnityAds
  artifactKey: Guid(feefb755b04d0094ca0938059e9f9d67) Importer(815301076,1909f56bfc062723c751e8b465ee728b)
Start importing Assets/AdMediationSystem/Editor/Scripts/Networks/UnityAds using Guid(feefb755b04d0094ca0938059e9f9d67) Importer(815301076,1909f56bfc062723c751e8b465ee728b)  -> (artifact id: '2016b58971b05d63531235a03ffd092e') in 0.001550 seconds
  Import took 0.004239 seconds .

========================================================================
Received Import Request.
  Time since last request: 0.583688 seconds.
  path: Assets/AdMediationSystem/Editor/Scripts/AdMediationProjectSettings.cs
  artifactKey: Guid(020f93c8651de7646badc5e14f92513d) Importer(815301076,1909f56bfc062723c751e8b465ee728b)
Start importing Assets/AdMediationSystem/Editor/Scripts/AdMediationProjectSettings.cs using Guid(020f93c8651de7646badc5e14f92513d) Importer(815301076,1909f56bfc062723c751e8b465ee728b)  -> (artifact id: 'c90734188ad1374f509f9be64fe8174f') in 0.024543 seconds
  Import took 0.027562 seconds .

========================================================================
Received Import Request.
  Time since last request: 0.005014 seconds.
  path: Assets/AdMediationSystem/Editor/Scripts/AdMediationProjectSettings.cs
  artifactKey: Guid(020f93c8651de7646badc5e14f92513d) Importer(815301076,1909f56bfc062723c751e8b465ee728b)
Start importing Assets/AdMediationSystem/Editor/Scripts/AdMediationProjectSettings.cs using Guid(020f93c8651de7646badc5e14f92513d) Importer(815301076,1909f56bfc062723c751e8b465ee728b)  -> (artifact id: 'c90734188ad1374f509f9be64fe8174f') in 0.001893 seconds
  Import took 0.005255 seconds .

========================================================================
Received Import Request.
  Time since last request: 6.764312 seconds.
  path: Assets/AdMediationSystem/Scripts/AdNetworkExtra/UnityAds
  artifactKey: Guid(8705248fe8c6bdc4f86303a1edaf7285) Importer(815301076,1909f56bfc062723c751e8b465ee728b)
Start importing Assets/AdMediationSystem/Scripts/AdNetworkExtra/UnityAds using Guid(8705248fe8c6bdc4f86303a1edaf7285) Importer(815301076,1909f56bfc062723c751e8b465ee728b)  -> (artifact id: '70c5ef8bc32218485a6179e8953f437f') in 0.001606 seconds
  Import took 0.004777 seconds .

========================================================================
Received Import Request.
  Time since last request: 6.363831 seconds.
  path: Assets/AdMediationSystem/Scripts/AdNetworkExtra/AdMob/AdMobAdInstanceBannerParameters.cs
  artifactKey: Guid(6e13d8dc32e2c0941a669685f602cf0a) Importer(815301076,1909f56bfc062723c751e8b465ee728b)
Start importing Assets/AdMediationSystem/Scripts/AdNetworkExtra/AdMob/AdMobAdInstanceBannerParameters.cs using Guid(6e13d8dc32e2c0941a669685f602cf0a) Importer(815301076,1909f56bfc062723c751e8b465ee728b)  -> (artifact id: 'dfaf0bf8150109d9bec9950a42e37131') in 0.001538 seconds
  Import took 0.004585 seconds .

========================================================================
Received Import Request.
  Time since last request: 0.000295 seconds.
  path: Assets/AdMediationSystem/Scripts/AdNetworkExtra/AdMob/AdMobAdInstanceBannerParameters.cs
  artifactKey: Guid(6e13d8dc32e2c0941a669685f602cf0a) Importer(815301076,1909f56bfc062723c751e8b465ee728b)
Start importing Assets/AdMediationSystem/Scripts/AdNetworkExtra/AdMob/AdMobAdInstanceBannerParameters.cs using Guid(6e13d8dc32e2c0941a669685f602cf0a) Importer(815301076,1909f56bfc062723c751e8b465ee728b)  -> (artifact id: 'dfaf0bf8150109d9bec9950a42e37131') in 0.002027 seconds
  Import took 0.005154 seconds .

========================================================================
Received Import Request.
  Time since last request: 117.554023 seconds.
  path: Assets/AdMediationSystem/Scripts/AdNetworkExtra/AdMob/AdMobAdInstanceBannerParameters.cs
  artifactKey: Guid(6e13d8dc32e2c0941a669685f602cf0a) Importer(815301076,1909f56bfc062723c751e8b465ee728b)
Start importing Assets/AdMediationSystem/Scripts/AdNetworkExtra/AdMob/AdMobAdInstanceBannerParameters.cs using Guid(6e13d8dc32e2c0941a669685f602cf0a) Importer(815301076,1909f56bfc062723c751e8b465ee728b)  -> (artifact id: '15427bbdf29e6b48a5a856f8b19895b5') in 0.002033 seconds
  Import took 0.005615 seconds .

========================================================================
Received Prepare
Registering precompiled user dll's ...
Registered in 0.003963 seconds.
Begin MonoManager ReloadAssembly
Native extension for WindowsStandalone target not found
Refreshing native plugins compatible for Editor in 0.98 ms, found 0 plugins.
Preloading 0 native plugins for Editor in 0.00 ms.
GPGSUpgrader start
UnityEngine.StackTraceUtility:ExtractStackTrace ()
UnityEngine.DebugLogHandler:LogFormat (UnityEngine.LogType,UnityEngine.Object,string,object[])
UnityEngine.Logger:Log (UnityEngine.LogType,object)
UnityEngine.Debug:Log (object)
GooglePlayGames.Editor.GPGSUpgrader:.cctor () (at Assets/GooglePlayGames/Editor/GPGSUpgrader.cs:38)
System.Runtime.CompilerServices.RuntimeHelpers:RunClassConstructor (System.RuntimeTypeHandle)
UnityEditor.EditorAssemblies:ProcessInitializeOnLoadAttributes (System.Type[])

(Filename: Assets/GooglePlayGames/Editor/GPGSUpgrader.cs Line: 38)

GPGSUpgrader done
UnityEngine.StackTraceUtility:ExtractStackTrace ()
UnityEngine.DebugLogHandler:LogFormat (UnityEngine.LogType,UnityEngine.Object,string,object[])
UnityEngine.Logger:Log (UnityEngine.LogType,object)
UnityEngine.Debug:Log (object)
GooglePlayGames.Editor.GPGSUpgrader:.cctor () (at Assets/GooglePlayGames/Editor/GPGSUpgrader.cs:105)
System.Runtime.CompilerServices.RuntimeHelpers:RunClassConstructor (System.RuntimeTypeHandle)
UnityEditor.EditorAssemblies:ProcessInitializeOnLoadAttributes (System.Type[])

(Filename: Assets/GooglePlayGames/Editor/GPGSUpgrader.cs Line: 105)

Invoked RoslynAnalysisRunner static constructor.
RoslynAnalysisRunner will not be running.
RoslynAnalysisRunner has terminated.
Mono: successfully reloaded assembly
- Completed reload, in  1.003 seconds
Platform modules already initialized, skipping
Switching build target platform(5) subTarget(0) extendedPlatform(0) -> platform(13) subTarget(589824) extendedPlatform(0)
Refreshing native plugins compatible for Editor in 0.98 ms, found 0 plugins.
Preloading 0 native plugins for Editor in 0.00 ms.
Unloading 1977 Unused Serialized files (Serialized files now loaded: 0)
System memory in use before: 82.8 MB.
System memory in use after: 82.9 MB.

Unloading 232 unused Assets to reduce memory usage. Loaded Objects now: 2325.
Total: 5.195100 ms (FindLiveObjects: 0.278000 ms CreateObjectMapping: 0.164600 ms MarkObjects: 4.583500 ms  DeleteObjects: 0.167400 ms)

AssetImportParameters requested are different than current active one (requested -> active):
  custom:graphics/normal-map-encoding: 01000000000000000000000000000000 -> 02000000000000000000000000000000
========================================================================
Received Prepare
Registering precompiled user dll's ...
Registered in 0.005341 seconds.
Begin MonoManager ReloadAssembly
Native extension for WindowsStandalone target not found
Refreshing native plugins compatible for Editor in 1.07 ms, found 0 plugins.
Preloading 0 native plugins for Editor in 0.00 ms.
GPGSUpgrader start
UnityEngine.StackTraceUtility:ExtractStackTrace ()
UnityEngine.DebugLogHandler:LogFormat (UnityEngine.LogType,UnityEngine.Object,string,object[])
UnityEngine.Logger:Log (UnityEngine.LogType,object)
UnityEngine.Debug:Log (object)
GooglePlayGames.Editor.GPGSUpgrader:.cctor () (at Assets/GooglePlayGames/Editor/GPGSUpgrader.cs:38)
System.Runtime.CompilerServices.RuntimeHelpers:RunClassConstructor (System.RuntimeTypeHandle)
UnityEditor.EditorAssemblies:ProcessInitializeOnLoadAttributes (System.Type[])

(Filename: Assets/GooglePlayGames/Editor/GPGSUpgrader.cs Line: 38)

GPGSUpgrader done
UnityEngine.StackTraceUtility:ExtractStackTrace ()
UnityEngine.DebugLogHandler:LogFormat (UnityEngine.LogType,UnityEngine.Object,string,object[])
UnityEngine.Logger:Log (UnityEngine.LogType,object)
UnityEngine.Debug:Log (object)
GooglePlayGames.Editor.GPGSUpgrader:.cctor () (at Assets/GooglePlayGames/Editor/GPGSUpgrader.cs:105)
System.Runtime.CompilerServices.RuntimeHelpers:RunClassConstructor (System.RuntimeTypeHandle)
UnityEditor.EditorAssemblies:ProcessInitializeOnLoadAttributes (System.Type[])

(Filename: Assets/GooglePlayGames/Editor/GPGSUpgrader.cs Line: 105)

Invoked RoslynAnalysisRunner static constructor.
RoslynAnalysisRunner will not be running.
RoslynAnalysisRunner has terminated.
Mono: successfully reloaded assembly
- Completed reload, in  1.046 seconds
Platform modules already initialized, skipping
Switching build target platform(5) subTarget(0) extendedPlatform(0) -> platform(13) subTarget(589824) extendedPlatform(0)
Refreshing native plugins compatible for Editor in 0.98 ms, found 0 plugins.
Preloading 0 native plugins for Editor in 0.00 ms.
Unloading 1977 Unused Serialized files (Serialized files now loaded: 0)
System memory in use before: 82.8 MB.
System memory in use after: 82.9 MB.

Unloading 232 unused Assets to reduce memory usage. Loaded Objects now: 2328.
Total: 5.504200 ms (FindLiveObjects: 0.297100 ms CreateObjectMapping: 0.079200 ms MarkObjects: 4.926100 ms  DeleteObjects: 0.200400 ms)

AssetImportParameters requested are different than current active one (requested -> active):
  custom:graphics/normal-map-encoding: 01000000000000000000000000000000 -> 02000000000000000000000000000000
AssetImportWorkerClient::OnTransportError - code=2 error=End of file
