
=== Fri Jul 16 15:26:04 2021

Packages were changed.
Update Mode: updateDependencies

The following packages were updated:
  com.unity.test-framework from version 1.1.26 to 1.1.27

=== Wed Jul 28 23:16:00 2021

Packages were changed.
Update Mode: updateDependencies

The following packages were updated:
  com.unity.collab-proxy from version 1.5.7 to 1.7.1

=== Fri Sep 17 23:33:47 2021

Packages were changed.
Update Mode: updateDependencies

The following packages were updated:
  com.unity.ads from version 3.7.3 to 3.7.5
  com.unity.collab-proxy from version 1.7.1 to 1.9.0
  com.unity.ide.visualstudio from version 2.0.9 to 2.0.11
  com.unity.test-framework from version 1.1.27 to 1.1.29

=== Sat Nov 27 23:05:56 2021

Packages were changed.
Update Mode: updateDependencies

The following packages were updated:
  com.unity.collab-proxy from version 1.9.0 to 1.13.5
  com.unity.ide.vscode from version 1.2.3 to 1.2.4
  com.unity.purchasing from version 3.2.2 to 4.0.3

=== Sun Feb  6 19:16:37 2022

Packages were changed.
Update Mode: updateDependencies

The following packages were updated:
  com.unity.collab-proxy from version 1.13.5 to 1.15.4
  com.unity.ide.visualstudio from version 2.0.11 to 2.0.12

=== Fri Mar 11 13:35:11 2022

Packages were changed.
Update Mode: updateDependencies

The following packages were updated:
  com.unity.collab-proxy from version 1.15.4 to 1.15.12
  com.unity.ide.visualstudio from version 2.0.12 to 2.0.14
  com.unity.purchasing from version 4.0.3 to 4.1.2

=== Fri Mar 25 20:37:16 2022

Packages were changed.
Update Mode: updateDependencies

The following packages were updated:
  com.unity.collab-proxy from version 1.15.12 to 1.15.13
  com.unity.ide.vscode from version 1.2.4 to 1.2.5
  com.unity.purchasing from version 4.1.2 to 4.1.3
  com.unity.test-framework from version 1.1.29 to 1.1.31

=== Tue Apr 12 23:32:30 2022

Packages were changed.
Update Mode: updateDependencies

The following packages were updated:
  com.unity.ide.rider from version 2.0.7 to 3.0.13
  com.unity.remote-config from version 1.4.0 to 2.1.2
  com.unity.timeline from version 1.4.8 to 1.6.4

=== Sun May 29 17:03:59 2022

Packages were changed.
Update Mode: updateDependencies

The following packages were updated:
  com.unity.ide.visualstudio from version 2.0.14 to 2.0.15
  com.unity.mobile.android-logcat from version 1.2.3 to 1.3.2
  com.unity.purchasing from version 4.1.3 to 4.1.4
